<?xml version="1.0" encoding="UTF-8"?>
<!-- Generated by org.testng.reporters.JUnitXMLReporter -->
<testsuite ignored="0" hostname="IN-7V7SP13" failures="2" tests="2" name="Test" time="23.694" errors="0" timestamp="2022-08-30T16:52:22 IST">
  <testcase classname="RegistrationModule.RegistrationForm" name="verifyRgesitrationForm" time="0.002">
    <failure type="java.io.FileNotFoundException" message="D:\Data\Data\eclipseWorkspace\DockerWithSeleniumGrid\DSG\target\objectRepositories\data.properties (The system cannot find the path specified)">
      <![CDATA[java.io.FileNotFoundException: D:\Data\Data\eclipseWorkspace\DockerWithSeleniumGrid\DSG\target\objectRepositories\data.properties (The system cannot find the path specified)
at java.base/java.io.FileInputStream.open0(Native Method)
at java.base/java.io.FileInputStream.open(FileInputStream.java:219)
at java.base/java.io.FileInputStream.<init>(FileInputStream.java:157)
at java.base/java.io.FileInputStream.<init>(FileInputStream.java:112)
at HelperPages.TestDataHelper.<init>(TestDataHelper.java:12)
at RegistrationModule.RegistrationForm.verifyRgesitrationForm(RegistrationForm.java:14)
at java.base/java.util.ArrayList.forEach(ArrayList.java:1540)
... Removed 26 stack frames]]>
    </failure>
  </testcase> <!-- verifyRgesitrationForm -->
  <testcase classname="RegistrationModule.RegistrationUI" name="verifyRegistrationUI" time="0.0">
    <failure type="java.io.FileNotFoundException" message="D:\Data\Data\eclipseWorkspace\DockerWithSeleniumGrid\DSG\target\objectRepositories\data.properties (The system cannot find the path specified)">
      <![CDATA[java.io.FileNotFoundException: D:\Data\Data\eclipseWorkspace\DockerWithSeleniumGrid\DSG\target\objectRepositories\data.properties (The system cannot find the path specified)
at java.base/java.io.FileInputStream.open0(Native Method)
at java.base/java.io.FileInputStream.open(FileInputStream.java:219)
at java.base/java.io.FileInputStream.<init>(FileInputStream.java:157)
at java.base/java.io.FileInputStream.<init>(FileInputStream.java:112)
at HelperPages.TestDataHelper.<init>(TestDataHelper.java:12)
at RegistrationModule.RegistrationUI.verifyRegistrationUI(RegistrationUI.java:16)
at java.base/java.util.ArrayList.forEach(ArrayList.java:1540)
... Removed 26 stack frames]]>
    </failure>
  </testcase> <!-- verifyRegistrationUI -->
</testsuite> <!-- Test -->
